<?xml version="1.0" encoding="UTF-8" standalone="no"?>
<testsuite failures="1" name="cucumber.runtime.formatter.JUnitFormatter" skipped="0" tests="1" time="96.535896">
<testcase classname="Demo1" name="User is able to Login and confirm data is getting transferred from GCS to BigQuery" time="96.535896">
<failure message="org.openqa.selenium.NoSuchElementException: no such element: Unable to locate element: {&quot;method&quot;:&quot;xpath&quot;,&quot;selector&quot;:&quot;//*[@class=&quot;icon-svg icon-play&quot;]&quot;}&#10;  (Session info: headless chrome=92.0.4515.159)&#10;For documentation on this error, please visit: https://selenium.dev/exceptions/#no_such_element&#10;Build info: version: '4.0.0-rc-1', revision: 'bc5511cbda'&#10;System info: host: 'runner-deployment-build-data-integrations-e2e-86cb78dfdb-2gmj6', ip: '10.116.11.3', os.name: 'Linux', os.arch: 'amd64', os.version: '5.4.120+', java.version: '1.8.0_292'&#10;Driver info: org.openqa.selenium.chrome.ChromeDriver&#10;Command: [ade4cb1cedf9e5bff00d0325eb3575ba, findElement {using=xpath, value=//*[@class=&quot;icon-svg icon-play&quot;]}]&#10;Capabilities {acceptInsecureCerts: false, browserName: chrome, browserVersion: 92.0.4515.159, chrome: {chromedriverVersion: 92.0.4515.107 (87a818b10553..., userDataDir: /tmp/.com.google.Chrome.NHlkei}, goog:chromeOptions: {debuggerAddress: localhost:42267}, javascriptEnabled: true, networkConnectionEnabled: false, pageLoadStrategy: normal, platform: LINUX, platformName: LINUX, proxy: Proxy(), se:cdp: ws://localhost:42267/devtoo..., se:cdpVersion: 92.0.4515.159, setWindowRect: true, strictFileInteractability: false, timeouts: {implicit: 0, pageLoad: 300000, script: 30000}, unhandledPromptBehavior: dismiss and notify, webauthn:extension:credBlob: true, webauthn:extension:largeBlob: true, webauthn:virtualAuthenticators: true}&#10;Session ID: ade4cb1cedf9e5bff00d0325eb3575ba&#10;&#9;at sun.reflect.NativeConstructorAccessorImpl.newInstance0(Native Method)&#10;&#9;at sun.reflect.NativeConstructorAccessorImpl.newInstance(NativeConstructorAccessorImpl.java:62)&#10;&#9;at sun.reflect.DelegatingConstructorAccessorImpl.newInstance(DelegatingConstructorAccessorImpl.java:45)&#10;&#9;at java.lang.reflect.Constructor.newInstance(Constructor.java:423)&#10;&#9;at org.openqa.selenium.remote.codec.w3c.W3CHttpResponseCodec.createException(W3CHttpResponseCodec.java:200)&#10;&#9;at org.openqa.selenium.remote.codec.w3c.W3CHttpResponseCodec.decode(W3CHttpResponseCodec.java:133)&#10;&#9;at org.openqa.selenium.remote.codec.w3c.W3CHttpResponseCodec.decode(W3CHttpResponseCodec.java:53)&#10;&#9;at org.openqa.selenium.remote.HttpCommandExecutor.execute(HttpCommandExecutor.java:184)&#10;&#9;at org.openqa.selenium.remote.service.DriverCommandExecutor.invokeExecute(DriverCommandExecutor.java:164)&#10;&#9;at org.openqa.selenium.remote.service.DriverCommandExecutor.execute(DriverCommandExecutor.java:139)&#10;&#9;at org.openqa.selenium.remote.RemoteWebDriver.execute(RemoteWebDriver.java:547)&#10;&#9;at org.openqa.selenium.remote.ElementLocation$ElementFinder$2.findElement(ElementLocation.java:162)&#10;&#9;at org.openqa.selenium.remote.ElementLocation.findElement(ElementLocation.java:60)&#10;&#9;at org.openqa.selenium.remote.RemoteWebDriver.findElement(RemoteWebDriver.java:381)&#10;&#9;at org.openqa.selenium.remote.RemoteWebDriver.findElement(RemoteWebDriver.java:373)&#10;&#9;at org.openqa.selenium.support.pagefactory.DefaultElementLocator.findElement(DefaultElementLocator.java:70)&#10;&#9;at org.openqa.selenium.support.pagefactory.internal.LocatingElementHandler.invoke(LocatingElementHandler.java:39)&#10;&#9;at com.sun.proxy.$Proxy21.click(Unknown Source)&#10;&#9;at pages.actions.CdfPipelineRunAction.runClick(CdfPipelineRunAction.java:16)&#10;&#9;at stepsDesign.GCSBasicDemo.runThePipelineInRuntime(GCSBasicDemo.java:121)&#10;&#9;at ✽.Run the Pipeline in Runtime(file:src/test/resources/Test/DemoGcs.feature:14)&#10;"><![CDATA[Given Open Datafusion Project to configure pipeline.........................passed
When Source is GCS bucket...................................................passed
When Target is BigQuery.....................................................passed
Then Link Source and Sink to establish connection...........................passed
Then Enter the GCS Properties with "@TC-Demo-1_GCS" GCS bucket..............passed
Then Close the GCS Properties...............................................passed
Then Enter the BigQuery Properties for table "DemoCheck1"...................passed
Then Close the BigQuery Properties..........................................passed
Then Save and Deploy Pipeline...............................................passed
Then Run the Pipeline in Runtime............................................failed
Then Wait till pipeline is in running state.................................skipped
Then Verify the pipeline status is "Succeeded"..............................skipped
Then Open Logs..............................................................skipped
Then validate successMessage is displayed...................................skipped
Then Open "BigQuery" link to login..........................................skipped
Then enter the Query to check the count of table created "DemoCheck1".......skipped
Then capture the count......................................................skipped

StackTrace:
org.openqa.selenium.NoSuchElementException: no such element: Unable to locate element: {"method":"xpath","selector":"//*[@class="icon-svg icon-play"]"}
  (Session info: headless chrome=92.0.4515.159)
For documentation on this error, please visit: https://selenium.dev/exceptions/#no_such_element
Build info: version: '4.0.0-rc-1', revision: 'bc5511cbda'
System info: host: 'runner-deployment-build-data-integrations-e2e-86cb78dfdb-2gmj6', ip: '10.116.11.3', os.name: 'Linux', os.arch: 'amd64', os.version: '5.4.120+', java.version: '1.8.0_292'
Driver info: org.openqa.selenium.chrome.ChromeDriver
Command: [ade4cb1cedf9e5bff00d0325eb3575ba, findElement {using=xpath, value=//*[@class="icon-svg icon-play"]}]
Capabilities {acceptInsecureCerts: false, browserName: chrome, browserVersion: 92.0.4515.159, chrome: {chromedriverVersion: 92.0.4515.107 (87a818b10553..., userDataDir: /tmp/.com.google.Chrome.NHlkei}, goog:chromeOptions: {debuggerAddress: localhost:42267}, javascriptEnabled: true, networkConnectionEnabled: false, pageLoadStrategy: normal, platform: LINUX, platformName: LINUX, proxy: Proxy(), se:cdp: ws://localhost:42267/devtoo..., se:cdpVersion: 92.0.4515.159, setWindowRect: true, strictFileInteractability: false, timeouts: {implicit: 0, pageLoad: 300000, script: 30000}, unhandledPromptBehavior: dismiss and notify, webauthn:extension:credBlob: true, webauthn:extension:largeBlob: true, webauthn:virtualAuthenticators: true}
Session ID: ade4cb1cedf9e5bff00d0325eb3575ba
	at sun.reflect.NativeConstructorAccessorImpl.newInstance0(Native Method)
	at sun.reflect.NativeConstructorAccessorImpl.newInstance(NativeConstructorAccessorImpl.java:62)
	at sun.reflect.DelegatingConstructorAccessorImpl.newInstance(DelegatingConstructorAccessorImpl.java:45)
	at java.lang.reflect.Constructor.newInstance(Constructor.java:423)
	at org.openqa.selenium.remote.codec.w3c.W3CHttpResponseCodec.createException(W3CHttpResponseCodec.java:200)
	at org.openqa.selenium.remote.codec.w3c.W3CHttpResponseCodec.decode(W3CHttpResponseCodec.java:133)
	at org.openqa.selenium.remote.codec.w3c.W3CHttpResponseCodec.decode(W3CHttpResponseCodec.java:53)
	at org.openqa.selenium.remote.HttpCommandExecutor.execute(HttpCommandExecutor.java:184)
	at org.openqa.selenium.remote.service.DriverCommandExecutor.invokeExecute(DriverCommandExecutor.java:164)
	at org.openqa.selenium.remote.service.DriverCommandExecutor.execute(DriverCommandExecutor.java:139)
	at org.openqa.selenium.remote.RemoteWebDriver.execute(RemoteWebDriver.java:547)
	at org.openqa.selenium.remote.ElementLocation$ElementFinder$2.findElement(ElementLocation.java:162)
	at org.openqa.selenium.remote.ElementLocation.findElement(ElementLocation.java:60)
	at org.openqa.selenium.remote.RemoteWebDriver.findElement(RemoteWebDriver.java:381)
	at org.openqa.selenium.remote.RemoteWebDriver.findElement(RemoteWebDriver.java:373)
	at org.openqa.selenium.support.pagefactory.DefaultElementLocator.findElement(DefaultElementLocator.java:70)
	at org.openqa.selenium.support.pagefactory.internal.LocatingElementHandler.invoke(LocatingElementHandler.java:39)
	at com.sun.proxy.$Proxy21.click(Unknown Source)
	at pages.actions.CdfPipelineRunAction.runClick(CdfPipelineRunAction.java:16)
	at stepsDesign.GCSBasicDemo.runThePipelineInRuntime(GCSBasicDemo.java:121)
	at ✽.Run the Pipeline in Runtime(file:src/test/resources/Test/DemoGcs.feature:14)
]]></failure>
</testcase>
</testsuite>
